 2025-09-06 10:30:48,024 : INFO : Test_001_Login : test_homepage_title : 23 :  ===== Test HomePage Title ====== 
 2025-09-06 10:30:53,147 : INFO : Test_001_Login : test_login : 31 :  ===== Test_001_Login Page ===== 
 2025-09-06 10:32:37,392 : INFO : Test_001_Login : test_homepage_title : 23 :  ------ Test HomePage Title ------ 
 2025-09-06 10:32:42,623 : INFO : Test_001_Login : test_login : 31 :  ----- Test_001_Login Page ----- 
 2025-09-07 19:07:01,778 : INFO : Test_001_Login : test_homepage_title : 23 :  ------ Test HomePage Title ------ 
 2025-09-07 19:07:16,456 : INFO : Test_001_Login : test_homepage_title : 23 :  ------ Test HomePage Title ------ 
 2025-09-07 19:07:24,009 : INFO : Test_001_Login : test_login : 31 :  ----- Test_001_Login Page ----- 
 2025-09-07 19:24:31,788 : INFO : Test_001_Login : test_homepage_title : 24 :  ------ Test HomePage Title ------ 
 2025-09-07 19:24:40,000 : INFO : Test_001_Login : test_login : 32 :  ----- Test_001_Login Page ----- 
 2025-09-07 19:27:59,941 : INFO : Test_001_Login : test_homepage_title : 24 :  ------ Test HomePage Title ------ 
 2025-09-07 19:28:09,650 : INFO : Test_001_Login : test_login : 32 :  ----- Test_001_Login Page ----- 
 2025-09-07 19:30:33,794 : INFO : Test_001_Login : test_homepage_title : 24 :  ------ Test HomePage Title ------ 
 2025-09-07 19:30:41,660 : INFO : Test_001_Login : test_login : 32 :  ----- Test_001_Login Page ----- 
 2025-09-07 19:31:24,100 : INFO : Test_001_Login : test_homepage_title : 24 :  ------ Test HomePage Title ------ 
 2025-09-07 19:31:31,523 : INFO : Test_001_Login : test_login : 32 :  ----- Test_001_Login Page ----- 
 2025-09-07 19:39:06,259 : INFO : Test_001_Login : test_homepage_title : 24 :  ------ Test HomePage Title ------ 
 2025-09-07 19:39:13,750 : INFO : Test_001_Login : test_login : 32 :  ----- Test_001_Login Page ----- 
 2025-09-07 19:39:20,980 : INFO : Test_001_Login : test_login : 49 :  ====== End of test_001_LoginPage ===== 
 2025-09-07 19:41:17,583 : INFO : Test_001_Login : test_homepage_title : 24 :  ------ Test HomePage Title ------ 
 2025-09-07 19:41:25,303 : INFO : Test_001_Login : test_login : 32 :  ----- Test_001_Login Page ----- 
 2025-09-07 19:41:32,132 : INFO : Test_001_Login : test_login : 49 :  ====== End of test_001_LoginPage ===== 
 2025-09-07 19:42:40,299 : INFO : Test_001_Login : test_homepage_title : 24 :  ------ Test HomePage Title ------ 
 2025-09-07 19:42:48,099 : INFO : Test_001_Login : test_login : 32 :  ----- Test_001_Login Page ----- 
 2025-09-07 19:42:54,933 : INFO : Test_001_Login : test_login : 49 :  ====== End of test_001_LoginPage ===== 
